<?xml version="1.0" encoding="UTF-8"?>
<!-- Generated by org.testng.reporters.JUnitReportReporter -->
<testsuite hostname="LAPTOP-T1RAV8IF" failures="0" tests="3" name="testScripts.AllySampleTest" time="22.003" errors="0" timestamp="2022-02-03T17:23:26 IST" skipped="2">
  <testcase classname="testScripts.AllySampleTest" name="testWebElement" time="22.003"/>
  <system-out/>
  <testcase classname="testScripts.AllySampleTest" name="testWithSelectors">
    <skipped/>
  </testcase> <!-- testWithSelectors -->
  <system-out/>
  <testcase classname="testScripts.AllySampleTest" name="sampleOneTest">
    <skipped/>
  </testcase> <!-- sampleOneTest -->
  <system-out/>
</testsuite> <!-- testScripts.AllySampleTest -->
